*** Using Compiler 'V5.05 update 1 (build 106)', folder: 'D:\software\keil\ARM\ARMCC\Bin'
Rebuild target 'Template'
assembling startup_stm32f10x_hd.s...
compiling core_cm3.c...
compiling stm32f10x_bkp.c...
compiling stm32f10x_adc.c...
compiling system_stm32f10x.c...
compiling main.c...
compiling misc.c...
compiling usart.c...
compiling stm32f10x_it.c...
compiling delay.c...
compiling stm32f10x_can.c...
compiling sys.c...
compiling stm32f10x_cec.c...
compiling stm32f10x_crc.c...
compiling stm32f10x_dbgmcu.c...
compiling stm32f10x_dma.c...
compiling stm32f10x_iwdg.c...
compiling stm32f10x_flash.c...
compiling stm32f10x_gpio.c...
compiling stm32f10x_dac.c...
compiling stm32f10x_fsmc.c...
compiling stm32f10x_pwr.c...
compiling stm32f10x_exti.c...
compiling stm32f10x_i2c.c...
compiling stm32f10x_rcc.c...
compiling stm32f10x_rtc.c...
compiling stm32f10x_usart.c...
compiling Key.c...
compiling stm32f10x_sdio.c...
compiling stm32f10x_wwdg.c...
compiling stm32f10x_spi.c...
compiling pwm.c...
compiling led.c...
compiling OLED.c...
compiling timer.c...
compiling stm32f10x_tim.c...
compiling gl9306.c...
compiling pid.c...
compiling control.c...
linking...
Program Size: Code=6178 RO-data=890 RW-data=1696 ZI-data=1960  
FromELF: creating hex file...
"..\OBJ\Template.axf" - 0 Error(s), 0 Warning(s).
Build Time Elapsed:  00:00:05
